\BOOKMARK [0][-]{chapter.1}{\376\377\000W\000p\000r\000o\000w\000a\000d\000z\000e\000n\000i\000e}{}% 1
\BOOKMARK [0][-]{chapter.2}{\376\377\000O\000p\000i\000s\000\040\000z\000a\001\102\000o\001\174\000e\001\104\000\040\000p\000r\000o\000j\000e\000k\000t\000u}{}% 2
\BOOKMARK [1][-]{section.2.1}{\376\377\000Z\000a\001\102\000o\001\174\000e\000n\000i\000a\000\040\000p\000r\000o\000j\000e\000k\000t\000u}{chapter.2}% 3
\BOOKMARK [1][-]{section.2.2}{\376\377\000W\000y\000m\000a\000g\000a\000n\000i\000a\000\040\000f\000u\000n\000k\000c\000j\000o\000n\000a\000l\000n\000e}{chapter.2}% 4
\BOOKMARK [1][-]{section.2.3}{\376\377\000W\000y\000m\000a\000g\000a\000n\000i\000a\000\040\000n\000i\000e\000f\000u\000n\000k\000c\000j\000o\000n\000a\000l\000n\000e}{chapter.2}% 5
\BOOKMARK [0][-]{chapter.3}{\376\377\000O\000p\000i\000s\000\040\000s\000t\000r\000u\000k\000t\000u\000r\000y\000\040\000p\000r\000o\000j\000e\000k\000t\000u}{}% 6
\BOOKMARK [1][-]{section.3.1}{\376\377\000S\000t\000r\000u\000k\000t\000u\000r\000a\000\040\000p\000r\000o\000j\000e\000k\000t\000u}{chapter.3}% 7
\BOOKMARK [1][-]{section.3.2}{\376\377\000O\000r\000g\000a\000n\000i\000z\000a\000c\000j\000a\000\040\000p\000l\000i\000k\000\363\000w}{chapter.3}% 8
\BOOKMARK [1][-]{section.3.3}{\376\377\000A\000r\000c\000h\000i\000t\000e\000k\000t\000u\000r\000a\000\040\000k\000o\000d\000u\000\040\000C\000S\000S}{chapter.3}% 9
\BOOKMARK [0][-]{chapter.4}{\376\377\000H\000a\000r\000m\000o\000n\000o\000g\000r\000a\000m\000\040\000r\000e\000a\000l\000i\000z\000a\000c\000j\000i\000\040\000p\000r\000o\000j\000e\000k\000t\000u}{}% 10
\BOOKMARK [1][-]{section.4.1}{\376\377\000R\000e\000p\000o\000z\000y\000t\000o\000r\000i\000u\000m\000\040\000i\000\040\000s\000y\000s\000t\000e\000m\000\040\000k\000o\000n\000t\000r\000o\000l\000i\000\040\000w\000e\000r\000s\000j\000i}{chapter.4}% 11
\BOOKMARK [0][-]{chapter.5}{\376\377\000P\000r\000e\000z\000e\000n\000t\000a\000c\000j\000a\000\040\000w\000a\000r\000s\000t\000w\000y\000\040\000u\001\174\000y\000t\000k\000o\000w\000e\000j\000\040\000p\000r\000o\000j\000e\000k\000t\000u}{}% 12
\BOOKMARK [1][-]{section.5.1}{\376\377\000S\000t\000y\000l\000i\000s\000t\000y\000k\000a}{chapter.5}% 13
\BOOKMARK [1][-]{section.5.2}{\376\377\000N\000a\000w\000i\000g\000a\000c\000j\000a\000\040\000i\000\040\000i\000n\000t\000e\000r\000a\000k\000c\000j\000a}{chapter.5}% 14
\BOOKMARK [1][-]{section.5.3}{\376\377\000W\000i\000z\000u\000a\000l\000i\000z\000a\000c\000j\000a\000\040\000p\000r\000o\000j\000e\000k\000t\000u}{chapter.5}% 15
\BOOKMARK [2][-]{subsection.5.3.1}{\376\377\000S\000t\000r\000o\000n\000a\000\040\000g\001\102\000\363\000w\000n\000a}{section.5.3}% 16
\BOOKMARK [2][-]{subsection.5.3.2}{\376\377\000P\000o\000d\000s\000t\000r\000o\000n\000y\000:\000\040\000o\000r\000g\000a\000n\000i\000z\000a\000c\000j\000a\000\040\000t\000r\000e\001\133\000c\000i}{section.5.3}% 17
\BOOKMARK [2][-]{subsection.5.3.3}{\376\377\000W\000e\000r\000s\000j\000a\000\040\000m\000o\000b\000i\000l\000n\000a\000\040\000\050\000R\000W\000D\000\051}{section.5.3}% 18
\BOOKMARK [0][-]{chapter.6}{\376\377\000W\000e\000r\000y\000f\000i\000k\000a\000c\000j\000a\000\040\000z\000g\000o\000d\000n\000o\001\133\000c\000i\000\040\000z\000e\000\040\000s\000t\000a\000n\000d\000a\000r\000d\000a\000m\000i}{}% 19
\BOOKMARK [1][-]{section.6.1}{\376\377\000W\000a\000l\000i\000d\000a\000c\000j\000a\000\040\000H\000T\000M\000L}{chapter.6}% 20
\BOOKMARK [1][-]{section.6.2}{\376\377\000W\000a\000l\000i\000d\000a\000c\000j\000a\000\040\000C\000S\000S}{chapter.6}% 21
\BOOKMARK [0][-]{chapter.7}{\376\377\000P\000o\000d\000s\000u\000m\000o\000w\000a\000n\000i\000e}{}% 22
\BOOKMARK [1][-]{section*.8}{\376\377\000S\000p\000i\000s\000\040\000r\000y\000s\000u\000n\000k\000\363\000w}{chapter.7}% 23
\BOOKMARK [1][-]{chapter*.9}{\376\377\000O\001\133\000w\000i\000a\000d\000c\000z\000e\000n\000i\000e\000\040\000s\000t\000u\000d\000e\000n\000t\000a\000\040\000o\000\040\000s\000a\000m\000o\000d\000z\000i\000e\000l\000n\000o\001\133\000c\000i\000\040\000p\000r\000a\000c\000y}{chapter.7}% 24
